[preview.colorlib.com/theme/negotiate/index.html]
[backblue.gif]
[fade.gif]
[index.html]
[preview.colorlib.com/theme/negotiate/css/open-iconic-bootstrap.min.css]
[preview.colorlib.com/theme/negotiate/css/animate.css]
[preview.colorlib.com/theme/negotiate/css/owl.carousel.min.css]
[preview.colorlib.com/theme/negotiate/css/owl.theme.default.min.css]
[preview.colorlib.com/theme/negotiate/css/magnific-popup.css]
[preview.colorlib.com/theme/negotiate/css/aos.css]
[preview.colorlib.com/theme/negotiate/css/ionicons.min.css]
[preview.colorlib.com/theme/negotiate/css/flaticon.css]
[preview.colorlib.com/theme/negotiate/css/icomoon.css]
[preview.colorlib.com/theme/negotiate/css/style.css]
[preview.colorlib.com/theme/negotiate/index-2.html]
[preview.colorlib.com/theme/negotiate/about.html]
[preview.colorlib.com/theme/negotiate/team.html]
[preview.colorlib.com/theme/negotiate/project.html]
[preview.colorlib.com/theme/negotiate/services.html]
[preview.colorlib.com/theme/negotiate/blog.html]
[preview.colorlib.com/theme/negotiate/contact.html]
[preview.colorlib.com/theme/negotiate/images/bg_1.jpg]
[preview.colorlib.com/theme/negotiate/images/bg_2.jpg]
[preview.colorlib.com/theme/negotiate/images/bg_3.jpg]
[preview.colorlib.com/theme/negotiate/images/about.jpg]
[preview.colorlib.com/theme/negotiate/images/project-1.jpg]
[preview.colorlib.com/theme/negotiate/images/project-2.jpg]
[preview.colorlib.com/theme/negotiate/images/project-3.jpg]
[preview.colorlib.com/theme/negotiate/images/project-4.jpg]
[preview.colorlib.com/theme/negotiate/images/project-5.jpg]
[preview.colorlib.com/theme/negotiate/images/project-6.jpg]
[preview.colorlib.com/theme/negotiate/images/person_1.jpg]
[preview.colorlib.com/theme/negotiate/images/person_2.jpg]
[preview.colorlib.com/theme/negotiate/images/person_3.jpg]
[preview.colorlib.com/theme/negotiate/images/person_4.jpg]
[preview.colorlib.com/theme/negotiate/blog-single.html]
[preview.colorlib.com/theme/negotiate/images/image_1.jpg]
[preview.colorlib.com/theme/negotiate/images/image_2.jpg]
[preview.colorlib.com/theme/negotiate/images/image_3.jpg]
[preview.colorlib.com/cdn-cgi/scripts/5c5dd728/cloudflare-static/email-decode.min.js]
[preview.colorlib.com/theme/negotiate/js/jquery.min.js]
[preview.colorlib.com/theme/negotiate/js/jquery-migrate-3.0.1.min.js]
[preview.colorlib.com/theme/negotiate/js/popper.min.js]
[preview.colorlib.com/theme/negotiate/js/bootstrap.min.js]
[preview.colorlib.com/theme/negotiate/js/jquery.easing.1.3.js]
[preview.colorlib.com/theme/negotiate/js/jquery.waypoints.min.js]
[preview.colorlib.com/theme/negotiate/js/jquery.stellar.min.js]
[preview.colorlib.com/theme/negotiate/js/owl.carousel.min.js]
[preview.colorlib.com/theme/negotiate/js/jquery.magnific-popup.min.js]
[preview.colorlib.com/theme/negotiate/js/aos.js]
[preview.colorlib.com/theme/negotiate/js/jquery.animateNumber.min.js]
[preview.colorlib.com/theme/negotiate/js/scrollax.min.js]
[preview.colorlib.com/theme/negotiate/js/google-map.js]
[preview.colorlib.com/theme/negotiate/js/main.js]
[preview.colorlib.com/theme/negotiate/index.html]
[preview.colorlib.com/theme/negotiate/fonts/open-iconic/open-iconic.eot]
[preview.colorlib.com/theme/negotiate/fonts/open-iconic/open-iconicd41d.eot]
[preview.colorlib.com/theme/negotiate/fonts/open-iconic/open-iconic.woff]
[preview.colorlib.com/theme/negotiate/fonts/open-iconic/open-iconic.ttf]
[preview.colorlib.com/theme/negotiate/fonts/open-iconic/open-iconic.otf]
[preview.colorlib.com/theme/negotiate/css/open-iconic-bootstrap.min.css]
[preview.colorlib.com/theme/negotiate/css/animate.css]
[preview.colorlib.com/theme/negotiate/fonts/open-iconic/open-iconic.svg]
[preview.colorlib.com/theme/negotiate/css/owl.video.play.png]
[preview.colorlib.com/theme/negotiate/css/owl.carousel.min.css]
[preview.colorlib.com/theme/negotiate/css/owl.theme.default.min.css]
[preview.colorlib.com/theme/negotiate/css/magnific-popup.css]
[preview.colorlib.com/theme/negotiate/css/aos.css]
[preview.colorlib.com/theme/negotiate/fonts/ionicons/fonts/ionicons580c.eot]
[preview.colorlib.com/theme/negotiate/fonts/ionicons/fonts/ionicons580c.woff2]
[preview.colorlib.com/theme/negotiate/fonts/ionicons/fonts/ionicons580c.woff]
[preview.colorlib.com/theme/negotiate/fonts/ionicons/fonts/ionicons580c.ttf]
[preview.colorlib.com/theme/negotiate/css/ionicons.min.css]
[preview.colorlib.com/theme/negotiate/fonts/flaticon/font/Flaticon.eot]
[preview.colorlib.com/theme/negotiate/fonts/ionicons/fonts/ionicons580c.svg]
[preview.colorlib.com/theme/negotiate/fonts/flaticon/font/Flaticond41d.eot]
[preview.colorlib.com/theme/negotiate/fonts/flaticon/font/Flaticon.woff]
[preview.colorlib.com/theme/negotiate/fonts/flaticon/font/Flaticon.ttf]
[preview.colorlib.com/theme/negotiate/css/flaticon.css]
[preview.colorlib.com/theme/negotiate/fonts/flaticon/font/Flaticon.svg]
[preview.colorlib.com/theme/negotiate/fonts/icomoon/icomoonccfb.eot]
[preview.colorlib.com/theme/negotiate/fonts/icomoon/icomoonccfb.woff]
[preview.colorlib.com/theme/negotiate/css/icomoon.css]
[preview.colorlib.com/theme/negotiate/css/style.css]
[preview.colorlib.com/cdn-cgi/zaraz/sd0d9.js]
[preview.colorlib.com/theme/negotiate/index-2.html]
[preview.colorlib.com/theme/negotiate/fonts/icomoon/icomoonccfb.ttf]
[preview.colorlib.com/theme/negotiate/images/bg_5.jpg]
[preview.colorlib.com/theme/negotiate/about.html]
[preview.colorlib.com/theme/negotiate/fonts/icomoon/icomoonccfb.svg]
[preview.colorlib.com/theme/negotiate/images/staff-1.jpg]
[preview.colorlib.com/theme/negotiate/images/staff-2.jpg]
[preview.colorlib.com/theme/negotiate/images/staff-3.jpg]
[preview.colorlib.com/theme/negotiate/images/staff-4.jpg]
[preview.colorlib.com/theme/negotiate/images/staff-5.jpg]
[preview.colorlib.com/theme/negotiate/images/staff-6.jpg]
[preview.colorlib.com/theme/negotiate/images/staff-7.jpg]
[preview.colorlib.com/theme/negotiate/images/staff-8.jpg]
[preview.colorlib.com/theme/negotiate/team.html]
[preview.colorlib.com/theme/negotiate/images/image_4.jpg]
[preview.colorlib.com/theme/negotiate/images/image_5.jpg]
[preview.colorlib.com/theme/negotiate/images/image_6.jpg]
[preview.colorlib.com/theme/negotiate/project.html]
[preview.colorlib.com/theme/negotiate/services.html]
[preview.colorlib.com/theme/negotiate/blog.html]
[preview.colorlib.com/theme/negotiate/contact.html]
[preview.colorlib.com/theme/negotiate/blog-single.html]
[preview.colorlib.com/theme/negotiate/fonts/open-iconic/open-iconic.svg]
[preview.colorlib.com/theme/negotiate/css/owl.video.play.html]
[preview.colorlib.com/theme/negotiate/fonts/ionicons/fonts/ionicons580c.svg]
[preview.colorlib.com/theme/negotiate/fonts/flaticon/font/Flaticon.svg]
[preview.colorlib.com/theme/negotiate/fonts/icomoon/icomoonccfb.svg]
